<?xml version="1.0" encoding="UTF-8"?>
<!-- Generated by org.testng.reporters.JUnitReportReporter -->
<testsuite skipped="0" hostname="nada-Vostro-15-3510" name="org.example.testRunner.runners" tests="19" failures="3" timestamp="2022-07-28T20:25:47 EET" time="373.783" errors="0">
  <testcase name="runScenario" time="24.437" classname="org.example.testRunner.runners"/>
  <system-out/>
  <testcase name="runScenario" time="23.885" classname="org.example.testRunner.runners"/>
  <system-out/>
  <testcase name="runScenario" time="16.382" classname="org.example.testRunner.runners"/>
  <system-out/>
  <testcase name="runScenario" time="17.300" classname="org.example.testRunner.runners"/>
  <system-out/>
  <testcase name="runScenario" time="16.007" classname="org.example.testRunner.runners"/>
  <system-out/>
  <testcase name="runScenario" time="17.146" classname="org.example.testRunner.runners"/>
  <system-out/>
  <testcase name="runScenario" time="38.603" classname="org.example.testRunner.runners"/>
  <system-out/>
  <testcase name="runScenario" time="18.952" classname="org.example.testRunner.runners">
    <failure type="java.lang.AssertionError" message="expected [https://demo.nopcommerce.com/new-online-store-is-open] but found [https://demo.nopcommerce.com/news/rss/1]">
      <![CDATA[java.lang.AssertionError: expected [https://demo.nopcommerce.com/new-online-store-is-open] but found [https://demo.nopcommerce.com/news/rss/1]
at org.testng.Assert.fail(Assert.java:99)
at org.testng.Assert.failNotEquals(Assert.java:1037)
at org.testng.Assert.assertEqualsImpl(Assert.java:140)
at org.testng.Assert.assertEquals(Assert.java:122)
at org.testng.Assert.assertEquals(Assert.java:629)
at org.testng.Assert.assertEquals(Assert.java:639)
at org.example.stepDefs.D07_followUsStepDef.isOpenedInNewTab(D07_followUsStepDef.java:53)
at ✽."https://demo.nopcommerce.com/new-online-store-is-open" is opened in new tab(file:///home/nada/IdeaProjects/DemoProjectAutomation2/src/main/resources/features/F07_followUs.feature:22)
]]>
    </failure>
  </testcase> <!-- runScenario -->
  <system-out/>
  <testcase name="runScenario" time="15.215" classname="org.example.testRunner.runners"/>
  <system-out/>
  <testcase name="runScenario" time="17.236" classname="org.example.testRunner.runners"/>
  <system-out/>
  <testcase name="runScenario" time="27.267" classname="org.example.testRunner.runners"/>
  <system-out/>
  <testcase name="runScenario" time="12.844" classname="org.example.testRunner.runners">
    <failure type="java.lang.AssertionError" message="expected [https://demo.nopcommerce.com/nokia-lumia-1020] but found [https://demo.nopcommerce.com/]">
      <![CDATA[java.lang.AssertionError: expected [https://demo.nopcommerce.com/nokia-lumia-1020] but found [https://demo.nopcommerce.com/]
at org.testng.Assert.fail(Assert.java:99)
at org.testng.Assert.failNotEquals(Assert.java:1037)
at org.testng.Assert.assertEqualsImpl(Assert.java:140)
at org.testng.Assert.assertEquals(Assert.java:122)
at org.testng.Assert.assertEquals(Assert.java:629)
at org.testng.Assert.assertEquals(Assert.java:639)
at org.example.stepDefs.D06_homeSlidersStepDef.verify1stSlider(D06_homeSlidersStepDef.java:27)
at ✽.user redirect to url1 Nokia(file:///home/nada/IdeaProjects/DemoProjectAutomation2/src/main/resources/features/F06_homeSliders.feature:6)
]]>
    </failure>
  </testcase> <!-- runScenario -->
  <system-out/>
  <testcase name="runScenario" time="13.990" classname="org.example.testRunner.runners">
    <failure type="java.lang.AssertionError" message="expected [https://demo.nopcommerce.com/iphone-6] but found [https://demo.nopcommerce.com/]">
      <![CDATA[java.lang.AssertionError: expected [https://demo.nopcommerce.com/iphone-6] but found [https://demo.nopcommerce.com/]
at org.testng.Assert.fail(Assert.java:99)
at org.testng.Assert.failNotEquals(Assert.java:1037)
at org.testng.Assert.assertEqualsImpl(Assert.java:140)
at org.testng.Assert.assertEquals(Assert.java:122)
at org.testng.Assert.assertEquals(Assert.java:629)
at org.testng.Assert.assertEquals(Assert.java:639)
at org.example.stepDefs.D06_homeSlidersStepDef.verify2ndSlider(D06_homeSlidersStepDef.java:34)
at ✽.user redirect to url2 iphone(file:///home/nada/IdeaProjects/DemoProjectAutomation2/src/main/resources/features/F06_homeSliders.feature:10)
]]>
    </failure>
  </testcase> <!-- runScenario -->
  <system-out/>
  <testcase name="runScenario" time="27.167" classname="org.example.testRunner.runners"/>
  <system-out/>
  <testcase name="runScenario" time="16.788" classname="org.example.testRunner.runners"/>
  <system-out/>
  <testcase name="runScenario" time="14.278" classname="org.example.testRunner.runners"/>
  <system-out/>
  <testcase name="runScenario" time="15.028" classname="org.example.testRunner.runners"/>
  <system-out/>
  <testcase name="runScenario" time="24.016" classname="org.example.testRunner.runners"/>
  <system-out/>
  <testcase name="runScenario" time="17.242" classname="org.example.testRunner.runners"/>
  <system-out/>
</testsuite> <!-- org.example.testRunner.runners -->
